<?xml version="1.0" encoding="UTF-8"?>
<!-- Generated by org.testng.reporters.JUnitReportReporter -->
<testsuite hostname="Rahuls-MacBook-Pro.local" name="testcases.UICatalogTest" tests="3" failures="0" timestamp="21 Sep 2016 18:24:39 GMT" time="99.127" errors="0">
  <testcase name="SwitchTest" time="13.256" classname="testcases.UICatalogTest"/>
  <testcase name="SliderTest" time="19.494" classname="testcases.UICatalogTest"/>
  <testcase name="SteppersTest" time="66.377" classname="testcases.UICatalogTest"/>
</testsuite> <!-- testcases.UICatalogTest -->
